2023년 11월 30일 15시 37분 18초

--[Protex Project List]--
230914-b01
EDSystem
ETRI_FSO
ETRI_FSO2
ETRI_Honam2_FSO
ETRI_Honam_FSO
KMS_Tutorial60
MobileNet-SSD
TempCD
artin1-WiseQA2021f-20220413

--[Success Export Project List]--
230914-b01.xls
artin1-WiseQA2021f-20220413.xls
cp$1h,p0.xls
EDSystem.xls
ETRI_FSO.xls
ETRI_FSO2.xls
ETRI_Honam2_FSO.xls
ETRI_Honam_FSO.xls
KMS_Tutorial60.xls
MobileNet-SSD.xls
TempCD.xls

2023년 11월 30일 16시 19분 25초

--[Protex Project List]--
230914-b01
EDSystem
ETRI_FSO
ETRI_FSO2
ETRI_Honam2_FSO
ETRI_Honam_FSO
KMS_Tutorial60
MobileNet-SSD
TempCD
artin1-WiseQA2021f-20220413

--[Success Export Project List]--
230914-b01.xls
artin1-WiseQA2021f-20220413.xls
EDSystem.xls
ETRI_FSO.xls
ETRI_FSO2.xls
ETRI_Honam2_FSO.xls
ETRI_Honam_FSO.xls
KMS_Tutorial60.xls
MobileNet-SSD.xls
TempCD.xls

2023년 11월 30일 16시 32분 00초

--[Protex Project List]--
230914-b01
EDSystem
ETRI_FSO
ETRI_FSO2
ETRI_Honam2_FSO
ETRI_Honam_FSO
KMS_Tutorial60
MobileNet-SSD
TempCD

--[Success Export Project List]--
230914-b01.xls
EDSystem.xls
ETRI_FSO.xls
ETRI_FSO2.xls
ETRI_Honam2_FSO.xls
ETRI_Honam_FSO.xls
KMS_Tutorial60.xls
MobileNet-SSD.xls
TempCD.xls
Tutorial_Files_60.xls

2023년 11월 30일 16시 35분 48초

--[Protex Project List]--
230914-b01
EDSystem
ETRI_FSO
ETRI_FSO2
ETRI_Honam2_FSO
ETRI_Honam_FSO
KMS_Tutorial60
MobileNet-SSD
TempCD
Tutorial_Files_60

--[Success Export Project List]--
230914-b01.xls
EDSystem.xls
ETRI_FSO.xls
ETRI_FSO2.xls
ETRI_Honam2_FSO.xls
ETRI_Honam_FSO.xls
KMS_Tutorial60.xls
MobileNet-SSD.xls
TempCD.xls
Tutorial_Files_60.xls

